Foma, version 0.10.0
Copyright © 2008-2021 Mans Hulden
This is free software; see the source code for copying conditions.
There is ABSOLUTELY NO WARRANTY; for details, type "help license"

Type "help" to list all commands available.
Type "help <topic>" or help "<operator>" for further help.

foma[0]: source sakha_guess.foma
Opening file 'sakha_guess.foma'.
defined BackVNonLab: 337 bytes. 4 states, 5 arcs, 5 paths.
defined FrontVNonLab: 337 bytes. 4 states, 5 arcs, 5 paths.
defined FrontHighVLab: 305 bytes. 3 states, 3 arcs, 3 paths.
defined FrontLowVLab: 262 bytes. 3 states, 2 arcs, 2 paths.
defined BackHighVLab: 305 bytes. 3 states, 3 arcs, 3 paths.
defined BackLowVLab: 262 bytes. 3 states, 2 arcs, 2 paths.
defined Vowel: 739 bytes. 10 states, 20 arcs, 20 paths.
defined Consonant: 1.3 kB. 3 states, 27 arcs, 28 paths.
defined VoicelessConsSome: 547 bytes. 2 states, 8 arcs, 8 paths.
defined VoicedCons: 633 bytes. 3 states, 10 arcs, 10 paths.
defined CaseAcc: 1.2 kB. 6 states, 46 arcs, Cyclic.
defined CaseAbl: 1.7 kB. 9 states, 75 arcs, Cyclic.
defined CaseIns: 3.9 kB. 10 states, 184 arcs, Cyclic.
defined PossOneSG: 2.8 kB. 6 states, 118 arcs, Cyclic.
defined PossTwoSG: 2.8 kB. 6 states, 118 arcs, Cyclic.
defined PossThreeSG: 1.2 kB. 6 states, 46 arcs, Cyclic.
defined PossThreePL: 1.2 kB. 13 states, 50 arcs, Cyclic.
defined VerbalizingYJ: 2.8 kB. 6 states, 118 arcs, Cyclic.
defined VerbalizingR: 1.6 kB. 7 states, 63 arcs, Cyclic.
defined VerbalizingMSYJ: 4.3 kB. 12 states, 208 arcs, Cyclic.
defined VerbalizingRGHAA: 4.4 kB. 12 states, 215 arcs, Cyclic.
defined PresTenseARafterVowel: 1.5 kB. 7 states, 62 arcs, Cyclic.
defined PresTenseAR1or2: 1.2 kB. 10 states, 47 arcs, Cyclic.
defined PresTenseYYR1or2: 1.2 kB. 10 states, 47 arcs, Cyclic.
defined PresTenseAR3PL: 1.2 kB. 10 states, 47 arcs, Cyclic.
defined PresTenseYYR3PL: 1.2 kB. 10 states, 47 arcs, Cyclic.
defined DeletePers: 434 bytes. 1 state, 4 arcs, Cyclic.
defined VerbalizingRaar: 4.0 kB. 28 states, 223 arcs, Cyclic.
redefined VerbalizingRaar: 343 bytes. 1 state, 2 arcs, Cyclic.
redefined PresTenseARafterVowel: 1.5 kB. 7 states, 62 arcs, Cyclic.
defined VelarPlosiveLoss: 562 bytes. 4 states, 13 arcs, Cyclic.
defined Voicing: 2.0 kB. 5 states, 76 arcs, Cyclic.
defined VoicingPostCons: 1.9 kB. 5 states, 77 arcs, Cyclic.
defined Devoicing: 996 bytes. 3 states, 30 arcs, Cyclic.
defined NasalCH: 787 bytes. 4 states, 22 arcs, Cyclic.
defined VoicedCH: 558 bytes. 3 states, 11 arcs, Cyclic.
defined NasalB: 621 bytes. 3 states, 15 arcs, Cyclic.
defined NasalBAssimN: 685 bytes. 5 states, 19 arcs, Cyclic.
defined DevoicedBAssimN: 685 bytes. 5 states, 19 arcs, Cyclic.
defined NasalL: 696 bytes. 3 states, 18 arcs, Cyclic.
defined DevoicedGHColloquial: 483 bytes. 2 states, 8 arcs, Cyclic.
defined PlosiveGH: 1.0 kB. 3 states, 33 arcs, Cyclic.
defined NasalGH: 621 bytes. 3 states, 15 arcs, Cyclic.
defined NasalGHAssimN: 685 bytes. 5 states, 19 arcs, Cyclic.
defined PlosiveGHAssimT: 685 bytes. 5 states, 19 arcs, Cyclic.
defined DevoicedGH: 546 bytes. 3 states, 12 arcs, Cyclic.
defined DevoicedB: 1.0 kB. 3 states, 33 arcs, Cyclic.
defined DevoicedL: 1.0 kB. 3 states, 33 arcs, Cyclic.
defined PlosiveL: 696 bytes. 3 states, 18 arcs, Cyclic.
defined AssimilatedGHdevoiced: 1.0 kB. 3 states, 33 arcs, Cyclic.
defined DeleteStemPart: 1.8 kB. 13 states, 89 arcs, Cyclic.
defined AssimilationCHIncosistent: 547 bytes. 3 states, 12 arcs, Cyclic.
defined NonLabFront: 3.1 kB. 4 states, 128 arcs, Cyclic.
defined NonLabBack: 3.1 kB. 4 states, 128 arcs, Cyclic.
defined LabFrontHighFromBack: 4.7 kB. 7 states, 232 arcs, Cyclic.
defined LabFrontHighFromFront: 4.6 kB. 7 states, 225 arcs, Cyclic.
defined LabFrontLowFromBack: 3.1 kB. 4 states, 128 arcs, Cyclic.
defined LabFrontLowFromFront: 3.1 kB. 4 states, 128 arcs, Cyclic.
defined LabBackHighFromBack: 4.6 kB. 7 states, 225 arcs, Cyclic.
defined LabBackHighFromFront: 4.7 kB. 7 states, 232 arcs, Cyclic.
defined LabBackLowFromBack: 3.1 kB. 4 states, 128 arcs, Cyclic.
defined LabBackLowFromFront: 3.1 kB. 4 states, 128 arcs, Cyclic.
defined DeleteLastMorphBoundary: 412 bytes. 3 states, 6 arcs, Cyclic.
defined OrthWord: 2.1 kB. 2 states, 68 arcs, Cyclic.
Root...2, N...8, V...2, Nstem...2, NAdjStem...1, NsourceDerivation...5, NNaffix...10, VNaffix...3, Ninfl...2, Ncase...8, NPossNom...7, Vaffix...3, NVaffix...1, AdjVaffix...1, NominalVaffix...9, Vstem...2, Vinfl...1, Vindic...1, VfiniteTenses...2, Vpres...1, VsourceDerivation...2, VVaffix...1, VpossNumPers...6, VpredNumPers...6, NumStem...2, NumSourceDerivation...1, PronStem...2, PronSourceDerivation...Building lexicon...
***Warning: lexicon 'PronInfl' used but never defined
*Warning: lexicon 'PronStem' defined but not used
***Warning: lexicon 'NumInfl' used but never defined
*Warning: lexicon 'NumStem' defined but not used
*Warning: lexicon 'VpossNumPers' defined but not used
***Warning: lexicon 'Vfut' used but never defined
*Warning: lexicon 'AdjVaffix' defined but not used
***Warning: lexicon 'NAdjAffix' used but never defined
*Warning: lexicon 'NAdjStem' defined but not used
Determinizing...
Minimizing...
Done!
1
5.2 kB. 122 states, 173 arcs, 10508 paths.
Substituted network 'OrthWord' for '^NOUNGUESS'.
7.2 kB. 124 states, 275 arcs, Cyclic.
Substituted network 'OrthWord' for '^VERBGUESS'.
6.6 kB. 124 states, 242 arcs, Cyclic.
defined Lexicon: 6.6 kB. 124 states, 242 arcs, Cyclic.
defined Harmony: 115.5 kB. 200 states, 7313 arcs, Cyclic.
defined Grammar: 117.4 kB. 1257 states, 7321 arcs, Cyclic.
140.9 kB. 1317 states, 8825 arcs, Cyclic.
foma[1]: 